<?xml version="1.0" encoding="UTF-8"?>
<testsuite name="Regression"
           tests="12"
           failures="0"
           errors="0"
           skipped="0"
           time="54.093">
  <properties />
  
  
            <testcase name="PaymentsTest" time="0.115" classname="TestScript.ApplicantCTest.PaymentsTest.Pending_Processing_FeesTest" />
                <testcase name="PaymentsTest" time="0.240" classname="TestScript.ApplicantCTest.PaymentsTest.Pending_Processing_FeesTest" />
                <testcase name="PaymentsTest" time="0.152" classname="TestScript.ApplicantCTest.PaymentsTest.Pending_Processing_FeesTest" />
                <testcase name="PaymentsTest" time="41.790" classname="TestScript.ApplicantCTest.PaymentsTest.Pending_Processing_FeesTest" />
                <testcase name="PaymentsTest" time="0.076" classname="TestScript.ApplicantCTest.PaymentsTest.Pending_Processing_FeesTest" />
                <testcase name="PaymentsTest" time="0.123" classname="TestScript.ApplicantCTest.PaymentsTest.Pending_Processing_FeesTest" />
                <testcase name="PaymentsTest" time="10.664" classname="TestScript.ApplicantCTest.PaymentsTest.Pending_Processing_FeesTest" />
                <testcase name="PaymentsTest" time="0.158" classname="TestScript.ApplicantCTest.PaymentsTest.Pending_Processing_FeesTest" />
                <testcase name="PaymentsTest" time="0.092" classname="TestScript.ApplicantCTest.PaymentsTest.Pending_Processing_FeesTest" />
                <testcase name="PaymentsTest" time="0.000" classname="TestScript.ApplicantCTest.PaymentsTest.Pending_Processing_FeesTest" />
                <testcase name="PaymentsTest" time="0.146" classname="TestScript.ApplicantCTest.PaymentsTest.Pending_Processing_FeesTest" />
                <testcase name="PaymentsTest" time="0.537" classname="TestScript.ApplicantCTest.PaymentsTest.Pending_Processing_FeesTest" />
      
</testsuite>
